==23022== Memcheck, a memory error detector
==23022== Copyright (C) 2002-2022, and GNU GPL'd, by Julian Seward et al.
==23022== Using Valgrind-3.21.0 and LibVEX; rerun with -h for copyright info
==23022== Command: ./singlyLinkedList
==23022== 
|----Testing----|
==23022== Invalid read of size 4
==23022==    at 0x1093B2: printNodes (in /home/lg4/git/LLDS/Singly Linked List/singlyLinkedList)
==23022==    by 0x109501: main (in /home/lg4/git/LLDS/Singly Linked List/singlyLinkedList)
==23022==  Address 0x4a67570 is 0 bytes inside a block of size 16 free'd
==23022==    at 0x4844164: free (vg_replace_malloc.c:974)
==23022==    by 0x1091D4: insertNodeAtFront (in /home/lg4/git/LLDS/Singly Linked List/singlyLinkedList)
==23022==    by 0x1094F5: main (in /home/lg4/git/LLDS/Singly Linked List/singlyLinkedList)
==23022==  Block was alloc'd at
==23022==    at 0x484178B: malloc (vg_replace_malloc.c:431)
==23022==    by 0x1091A1: insertNodeAtFront (in /home/lg4/git/LLDS/Singly Linked List/singlyLinkedList)
==23022==    by 0x1094F5: main (in /home/lg4/git/LLDS/Singly Linked List/singlyLinkedList)
==23022== 
==23022== Invalid read of size 8
==23022==    at 0x1093CE: printNodes (in /home/lg4/git/LLDS/Singly Linked List/singlyLinkedList)
==23022==    by 0x109501: main (in /home/lg4/git/LLDS/Singly Linked List/singlyLinkedList)
==23022==  Address 0x4a67578 is 8 bytes inside a block of size 16 free'd
==23022==    at 0x4844164: free (vg_replace_malloc.c:974)
==23022==    by 0x1091D4: insertNodeAtFront (in /home/lg4/git/LLDS/Singly Linked List/singlyLinkedList)
==23022==    by 0x1094F5: main (in /home/lg4/git/LLDS/Singly Linked List/singlyLinkedList)
==23022==  Block was alloc'd at
==23022==    at 0x484178B: malloc (vg_replace_malloc.c:431)
==23022==    by 0x1091A1: insertNodeAtFront (in /home/lg4/git/LLDS/Singly Linked List/singlyLinkedList)
==23022==    by 0x1094F5: main (in /home/lg4/git/LLDS/Singly Linked List/singlyLinkedList)
==23022== 
3 -> 2 -> 1 -> 0
==23022== Invalid read of size 8
==23022==    at 0x109286: deleteNodes (in /home/lg4/git/LLDS/Singly Linked List/singlyLinkedList)
==23022==    by 0x10950D: main (in /home/lg4/git/LLDS/Singly Linked List/singlyLinkedList)
==23022==  Address 0x4a67578 is 8 bytes inside a block of size 16 free'd
==23022==    at 0x4844164: free (vg_replace_malloc.c:974)
==23022==    by 0x1091D4: insertNodeAtFront (in /home/lg4/git/LLDS/Singly Linked List/singlyLinkedList)
==23022==    by 0x1094F5: main (in /home/lg4/git/LLDS/Singly Linked List/singlyLinkedList)
==23022==  Block was alloc'd at
==23022==    at 0x484178B: malloc (vg_replace_malloc.c:431)
==23022==    by 0x1091A1: insertNodeAtFront (in /home/lg4/git/LLDS/Singly Linked List/singlyLinkedList)
==23022==    by 0x1094F5: main (in /home/lg4/git/LLDS/Singly Linked List/singlyLinkedList)
==23022== 
==23022== Invalid free() / delete / delete[] / realloc()
==23022==    at 0x4844164: free (vg_replace_malloc.c:974)
==23022==    by 0x109299: deleteNodes (in /home/lg4/git/LLDS/Singly Linked List/singlyLinkedList)
==23022==    by 0x10950D: main (in /home/lg4/git/LLDS/Singly Linked List/singlyLinkedList)
==23022==  Address 0x4a67570 is 0 bytes inside a block of size 16 free'd
==23022==    at 0x4844164: free (vg_replace_malloc.c:974)
==23022==    by 0x1091D4: insertNodeAtFront (in /home/lg4/git/LLDS/Singly Linked List/singlyLinkedList)
==23022==    by 0x1094F5: main (in /home/lg4/git/LLDS/Singly Linked List/singlyLinkedList)
==23022==  Block was alloc'd at
==23022==    at 0x484178B: malloc (vg_replace_malloc.c:431)
==23022==    by 0x1091A1: insertNodeAtFront (in /home/lg4/git/LLDS/Singly Linked List/singlyLinkedList)
==23022==    by 0x1094F5: main (in /home/lg4/git/LLDS/Singly Linked List/singlyLinkedList)
==23022== 
Cleared Node List.
==23022== Invalid read of size 8
==23022==    at 0x10923E: insertNodeAtEnd (in /home/lg4/git/LLDS/Singly Linked List/singlyLinkedList)
==23022==    by 0x109540: main (in /home/lg4/git/LLDS/Singly Linked List/singlyLinkedList)
==23022==  Address 0x4a67618 is 8 bytes inside a block of size 16 free'd
==23022==    at 0x4844164: free (vg_replace_malloc.c:974)
==23022==    by 0x10925E: insertNodeAtEnd (in /home/lg4/git/LLDS/Singly Linked List/singlyLinkedList)
==23022==    by 0x10952F: main (in /home/lg4/git/LLDS/Singly Linked List/singlyLinkedList)
==23022==  Block was alloc'd at
==23022==    at 0x484178B: malloc (vg_replace_malloc.c:431)
==23022==    by 0x1091F0: insertNodeAtEnd (in /home/lg4/git/LLDS/Singly Linked List/singlyLinkedList)
==23022==    by 0x10952F: main (in /home/lg4/git/LLDS/Singly Linked List/singlyLinkedList)
==23022== 
==23022== Invalid write of size 8
==23022==    at 0x10924F: insertNodeAtEnd (in /home/lg4/git/LLDS/Singly Linked List/singlyLinkedList)
==23022==    by 0x109540: main (in /home/lg4/git/LLDS/Singly Linked List/singlyLinkedList)
==23022==  Address 0x4a67618 is 8 bytes inside a block of size 16 free'd
==23022==    at 0x4844164: free (vg_replace_malloc.c:974)
==23022==    by 0x10925E: insertNodeAtEnd (in /home/lg4/git/LLDS/Singly Linked List/singlyLinkedList)
==23022==    by 0x10952F: main (in /home/lg4/git/LLDS/Singly Linked List/singlyLinkedList)
==23022==  Block was alloc'd at
==23022==    at 0x484178B: malloc (vg_replace_malloc.c:431)
==23022==    by 0x1091F0: insertNodeAtEnd (in /home/lg4/git/LLDS/Singly Linked List/singlyLinkedList)
==23022==    by 0x10952F: main (in /home/lg4/git/LLDS/Singly Linked List/singlyLinkedList)
==23022== 
==23022== Invalid read of size 8
==23022==    at 0x10923E: insertNodeAtEnd (in /home/lg4/git/LLDS/Singly Linked List/singlyLinkedList)
==23022==    by 0x109551: main (in /home/lg4/git/LLDS/Singly Linked List/singlyLinkedList)
==23022==  Address 0x4a67618 is 8 bytes inside a block of size 16 free'd
==23022==    at 0x4844164: free (vg_replace_malloc.c:974)
==23022==    by 0x10925E: insertNodeAtEnd (in /home/lg4/git/LLDS/Singly Linked List/singlyLinkedList)
==23022==    by 0x10952F: main (in /home/lg4/git/LLDS/Singly Linked List/singlyLinkedList)
==23022==  Block was alloc'd at
==23022==    at 0x484178B: malloc (vg_replace_malloc.c:431)
==23022==    by 0x1091F0: insertNodeAtEnd (in /home/lg4/git/LLDS/Singly Linked List/singlyLinkedList)
==23022==    by 0x10952F: main (in /home/lg4/git/LLDS/Singly Linked List/singlyLinkedList)
==23022== 
==23022== Invalid read of size 8
==23022==    at 0x109232: insertNodeAtEnd (in /home/lg4/git/LLDS/Singly Linked List/singlyLinkedList)
==23022==    by 0x109551: main (in /home/lg4/git/LLDS/Singly Linked List/singlyLinkedList)
==23022==  Address 0x4a67618 is 8 bytes inside a block of size 16 free'd
==23022==    at 0x4844164: free (vg_replace_malloc.c:974)
==23022==    by 0x10925E: insertNodeAtEnd (in /home/lg4/git/LLDS/Singly Linked List/singlyLinkedList)
==23022==    by 0x10952F: main (in /home/lg4/git/LLDS/Singly Linked List/singlyLinkedList)
==23022==  Block was alloc'd at
==23022==    at 0x484178B: malloc (vg_replace_malloc.c:431)
==23022==    by 0x1091F0: insertNodeAtEnd (in /home/lg4/git/LLDS/Singly Linked List/singlyLinkedList)
==23022==    by 0x10952F: main (in /home/lg4/git/LLDS/Singly Linked List/singlyLinkedList)
==23022== 
==23022== Invalid write of size 8
==23022==    at 0x10924F: insertNodeAtEnd (in /home/lg4/git/LLDS/Singly Linked List/singlyLinkedList)
==23022==    by 0x109551: main (in /home/lg4/git/LLDS/Singly Linked List/singlyLinkedList)
==23022==  Address 0x4a67668 is 8 bytes inside a block of size 16 free'd
==23022==    at 0x4844164: free (vg_replace_malloc.c:974)
==23022==    by 0x10925E: insertNodeAtEnd (in /home/lg4/git/LLDS/Singly Linked List/singlyLinkedList)
==23022==    by 0x109540: main (in /home/lg4/git/LLDS/Singly Linked List/singlyLinkedList)
==23022==  Block was alloc'd at
==23022==    at 0x484178B: malloc (vg_replace_malloc.c:431)
==23022==    by 0x1091F0: insertNodeAtEnd (in /home/lg4/git/LLDS/Singly Linked List/singlyLinkedList)
==23022==    by 0x109540: main (in /home/lg4/git/LLDS/Singly Linked List/singlyLinkedList)
==23022== 
==23022== Invalid read of size 4
==23022==    at 0x1093B2: printNodes (in /home/lg4/git/LLDS/Singly Linked List/singlyLinkedList)
==23022==    by 0x10955D: main (in /home/lg4/git/LLDS/Singly Linked List/singlyLinkedList)
==23022==  Address 0x4a67610 is 0 bytes inside a block of size 16 free'd
==23022==    at 0x4844164: free (vg_replace_malloc.c:974)
==23022==    by 0x10925E: insertNodeAtEnd (in /home/lg4/git/LLDS/Singly Linked List/singlyLinkedList)
==23022==    by 0x10952F: main (in /home/lg4/git/LLDS/Singly Linked List/singlyLinkedList)
==23022==  Block was alloc'd at
==23022==    at 0x484178B: malloc (vg_replace_malloc.c:431)
==23022==    by 0x1091F0: insertNodeAtEnd (in /home/lg4/git/LLDS/Singly Linked List/singlyLinkedList)
==23022==    by 0x10952F: main (in /home/lg4/git/LLDS/Singly Linked List/singlyLinkedList)
==23022== 
==23022== Invalid read of size 8
==23022==    at 0x1093CE: printNodes (in /home/lg4/git/LLDS/Singly Linked List/singlyLinkedList)
==23022==    by 0x10955D: main (in /home/lg4/git/LLDS/Singly Linked List/singlyLinkedList)
==23022==  Address 0x4a67618 is 8 bytes inside a block of size 16 free'd
==23022==    at 0x4844164: free (vg_replace_malloc.c:974)
==23022==    by 0x10925E: insertNodeAtEnd (in /home/lg4/git/LLDS/Singly Linked List/singlyLinkedList)
==23022==    by 0x10952F: main (in /home/lg4/git/LLDS/Singly Linked List/singlyLinkedList)
==23022==  Block was alloc'd at
==23022==    at 0x484178B: malloc (vg_replace_malloc.c:431)
==23022==    by 0x1091F0: insertNodeAtEnd (in /home/lg4/git/LLDS/Singly Linked List/singlyLinkedList)
==23022==    by 0x10952F: main (in /home/lg4/git/LLDS/Singly Linked List/singlyLinkedList)
==23022== 
10 -> 11 -> 12 -> 13
==23022== Invalid read of size 4
==23022==    at 0x109429: checkForNode (in /home/lg4/git/LLDS/Singly Linked List/singlyLinkedList)
==23022==    by 0x10956E: main (in /home/lg4/git/LLDS/Singly Linked List/singlyLinkedList)
==23022==  Address 0x4a67610 is 0 bytes inside a block of size 16 free'd
==23022==    at 0x4844164: free (vg_replace_malloc.c:974)
==23022==    by 0x10925E: insertNodeAtEnd (in /home/lg4/git/LLDS/Singly Linked List/singlyLinkedList)
==23022==    by 0x10952F: main (in /home/lg4/git/LLDS/Singly Linked List/singlyLinkedList)
==23022==  Block was alloc'd at
==23022==    at 0x484178B: malloc (vg_replace_malloc.c:431)
==23022==    by 0x1091F0: insertNodeAtEnd (in /home/lg4/git/LLDS/Singly Linked List/singlyLinkedList)
==23022==    by 0x10952F: main (in /home/lg4/git/LLDS/Singly Linked List/singlyLinkedList)
==23022== 
==23022== Invalid read of size 8
==23022==    at 0x109438: checkForNode (in /home/lg4/git/LLDS/Singly Linked List/singlyLinkedList)
==23022==    by 0x10956E: main (in /home/lg4/git/LLDS/Singly Linked List/singlyLinkedList)
==23022==  Address 0x4a67618 is 8 bytes inside a block of size 16 free'd
==23022==    at 0x4844164: free (vg_replace_malloc.c:974)
==23022==    by 0x10925E: insertNodeAtEnd (in /home/lg4/git/LLDS/Singly Linked List/singlyLinkedList)
==23022==    by 0x10952F: main (in /home/lg4/git/LLDS/Singly Linked List/singlyLinkedList)
==23022==  Block was alloc'd at
==23022==    at 0x484178B: malloc (vg_replace_malloc.c:431)
==23022==    by 0x1091F0: insertNodeAtEnd (in /home/lg4/git/LLDS/Singly Linked List/singlyLinkedList)
==23022==    by 0x10952F: main (in /home/lg4/git/LLDS/Singly Linked List/singlyLinkedList)
==23022== 
Node 12 Found.
==23022== Invalid read of size 4
==23022==    at 0x109429: checkForNode (in /home/lg4/git/LLDS/Singly Linked List/singlyLinkedList)
==23022==    by 0x10957F: main (in /home/lg4/git/LLDS/Singly Linked List/singlyLinkedList)
==23022==  Address 0x4a67610 is 0 bytes inside a block of size 16 free'd
==23022==    at 0x4844164: free (vg_replace_malloc.c:974)
==23022==    by 0x10925E: insertNodeAtEnd (in /home/lg4/git/LLDS/Singly Linked List/singlyLinkedList)
==23022==    by 0x10952F: main (in /home/lg4/git/LLDS/Singly Linked List/singlyLinkedList)
==23022==  Block was alloc'd at
==23022==    at 0x484178B: malloc (vg_replace_malloc.c:431)
==23022==    by 0x1091F0: insertNodeAtEnd (in /home/lg4/git/LLDS/Singly Linked List/singlyLinkedList)
==23022==    by 0x10952F: main (in /home/lg4/git/LLDS/Singly Linked List/singlyLinkedList)
==23022== 
==23022== Invalid read of size 8
==23022==    at 0x109438: checkForNode (in /home/lg4/git/LLDS/Singly Linked List/singlyLinkedList)
==23022==    by 0x10957F: main (in /home/lg4/git/LLDS/Singly Linked List/singlyLinkedList)
==23022==  Address 0x4a67618 is 8 bytes inside a block of size 16 free'd
==23022==    at 0x4844164: free (vg_replace_malloc.c:974)
==23022==    by 0x10925E: insertNodeAtEnd (in /home/lg4/git/LLDS/Singly Linked List/singlyLinkedList)
==23022==    by 0x10952F: main (in /home/lg4/git/LLDS/Singly Linked List/singlyLinkedList)
==23022==  Block was alloc'd at
==23022==    at 0x484178B: malloc (vg_replace_malloc.c:431)
==23022==    by 0x1091F0: insertNodeAtEnd (in /home/lg4/git/LLDS/Singly Linked List/singlyLinkedList)
==23022==    by 0x10952F: main (in /home/lg4/git/LLDS/Singly Linked List/singlyLinkedList)
==23022== 
Node 26 not found.
==23022== Invalid read of size 8
==23022==    at 0x109366: deleteNode (in /home/lg4/git/LLDS/Singly Linked List/singlyLinkedList)
==23022==    by 0x109590: main (in /home/lg4/git/LLDS/Singly Linked List/singlyLinkedList)
==23022==  Address 0x4a67618 is 8 bytes inside a block of size 16 free'd
==23022==    at 0x4844164: free (vg_replace_malloc.c:974)
==23022==    by 0x10925E: insertNodeAtEnd (in /home/lg4/git/LLDS/Singly Linked List/singlyLinkedList)
==23022==    by 0x10952F: main (in /home/lg4/git/LLDS/Singly Linked List/singlyLinkedList)
==23022==  Block was alloc'd at
==23022==    at 0x484178B: malloc (vg_replace_malloc.c:431)
==23022==    by 0x1091F0: insertNodeAtEnd (in /home/lg4/git/LLDS/Singly Linked List/singlyLinkedList)
==23022==    by 0x10952F: main (in /home/lg4/git/LLDS/Singly Linked List/singlyLinkedList)
==23022== 
==23022== Invalid free() / delete / delete[] / realloc()
==23022==    at 0x4844164: free (vg_replace_malloc.c:974)
==23022==    by 0x10937D: deleteNode (in /home/lg4/git/LLDS/Singly Linked List/singlyLinkedList)
==23022==    by 0x109590: main (in /home/lg4/git/LLDS/Singly Linked List/singlyLinkedList)
==23022==  Address 0x4a67610 is 0 bytes inside a block of size 16 free'd
==23022==    at 0x4844164: free (vg_replace_malloc.c:974)
==23022==    by 0x10925E: insertNodeAtEnd (in /home/lg4/git/LLDS/Singly Linked List/singlyLinkedList)
==23022==    by 0x10952F: main (in /home/lg4/git/LLDS/Singly Linked List/singlyLinkedList)
==23022==  Block was alloc'd at
==23022==    at 0x484178B: malloc (vg_replace_malloc.c:431)
==23022==    by 0x1091F0: insertNodeAtEnd (in /home/lg4/git/LLDS/Singly Linked List/singlyLinkedList)
==23022==    by 0x10952F: main (in /home/lg4/git/LLDS/Singly Linked List/singlyLinkedList)
==23022== 
==23022== Invalid read of size 4
==23022==    at 0x1093B2: printNodes (in /home/lg4/git/LLDS/Singly Linked List/singlyLinkedList)
==23022==    by 0x10959C: main (in /home/lg4/git/LLDS/Singly Linked List/singlyLinkedList)
==23022==  Address 0x4a675c0 is 0 bytes inside a block of size 16 free'd
==23022==    at 0x4844164: free (vg_replace_malloc.c:974)
==23022==    by 0x109391: deleteNode (in /home/lg4/git/LLDS/Singly Linked List/singlyLinkedList)
==23022==    by 0x109590: main (in /home/lg4/git/LLDS/Singly Linked List/singlyLinkedList)
==23022==  Block was alloc'd at
==23022==    at 0x484178B: malloc (vg_replace_malloc.c:431)
==23022==    by 0x1091F0: insertNodeAtEnd (in /home/lg4/git/LLDS/Singly Linked List/singlyLinkedList)
==23022==    by 0x10951E: main (in /home/lg4/git/LLDS/Singly Linked List/singlyLinkedList)
==23022== 
==23022== Invalid read of size 8
==23022==    at 0x1093CE: printNodes (in /home/lg4/git/LLDS/Singly Linked List/singlyLinkedList)
==23022==    by 0x10959C: main (in /home/lg4/git/LLDS/Singly Linked List/singlyLinkedList)
==23022==  Address 0x4a675c8 is 8 bytes inside a block of size 16 free'd
==23022==    at 0x4844164: free (vg_replace_malloc.c:974)
==23022==    by 0x109391: deleteNode (in /home/lg4/git/LLDS/Singly Linked List/singlyLinkedList)
==23022==    by 0x109590: main (in /home/lg4/git/LLDS/Singly Linked List/singlyLinkedList)
==23022==  Block was alloc'd at
==23022==    at 0x484178B: malloc (vg_replace_malloc.c:431)
==23022==    by 0x1091F0: insertNodeAtEnd (in /home/lg4/git/LLDS/Singly Linked List/singlyLinkedList)
==23022==    by 0x10951E: main (in /home/lg4/git/LLDS/Singly Linked List/singlyLinkedList)
==23022== 
10 -> 12 -> 13
==23022== 
==23022== HEAP SUMMARY:
==23022==     in use at exit: 0 bytes in 0 blocks
==23022==   total heap usage: 9 allocs, 14 frees, 1,152 bytes allocated
==23022== 
==23022== All heap blocks were freed -- no leaks are possible
==23022== 
==23022== For lists of detected and suppressed errors, rerun with: -s
==23022== ERROR SUMMARY: 48 errors from 19 contexts (suppressed: 0 from 0)